<?xml version="1.0" encoding="UTF-8"?>
<!-- Generated by org.testng.reporters.JUnitReportReporter -->
<testsuite hostname="DESKTOP-L5ILK17" failures="0" tests="1" name="com.application.testcases.TC01_RegisterUser_OpenCart_Test" time="65.421" errors="0" timestamp="2021-04-26T17:22:51 IST" skipped="0">
  <testcase classname="com.application.testcases.TC01_RegisterUser_OpenCart_Test" name="Registration_User" time="65.421"/>
  <system-out/>
</testsuite> <!-- com.application.testcases.TC01_RegisterUser_OpenCart_Test -->
