<?xml version="1.0" encoding="UTF-8"?>
<!-- Generated by org.testng.reporters.JUnitReportReporter -->
<testsuite hostname="DESKTOP-L5ILK17" failures="0" tests="1" name="com.application.testcases.TC06_OpenCart_Show_All_Laptops_Notebook_GuestCheckout_Test" time="89.443" errors="0" timestamp="2021-04-26T19:16:40 IST" skipped="0">
  <testcase classname="com.application.testcases.TC06_OpenCart_Show_All_Laptops_Notebook_GuestCheckout_Test" name="Login" time="89.443"/>
  <system-out/>
</testsuite> <!-- com.application.testcases.TC06_OpenCart_Show_All_Laptops_Notebook_GuestCheckout_Test -->
