<?xml version="1.0" encoding="UTF-8"?>
<!-- Generated by org.testng.reporters.JUnitReportReporter -->
<testsuite hostname="DESKTOP-L5ILK17" failures="0" tests="1" name="com.application.testcases.TC03_OpenCart_Login_Test" time="29.963" errors="0" timestamp="2021-04-26T19:13:18 IST" skipped="0">
  <testcase classname="com.application.testcases.TC03_OpenCart_Login_Test" name="Login" time="29.963"/>
  <system-out/>
</testsuite> <!-- com.application.testcases.TC03_OpenCart_Login_Test -->
