<?xml version="1.0" encoding="UTF-8"?>
<!-- Generated by org.testng.reporters.JUnitReportReporter -->
<testsuite hostname="DESKTOP-L5ILK17" failures="0" tests="1" name="com.application.testcases.TC09_OpenCart_FileUpload_Test" time="27.395" errors="0" timestamp="2021-04-26T19:28:21 IST" skipped="0">
  <testcase classname="com.application.testcases.TC09_OpenCart_FileUpload_Test" name="Login" time="27.395"/>
  <system-out/>
</testsuite> <!-- com.application.testcases.TC09_OpenCart_FileUpload_Test -->
