<?xml version="1.0" encoding="UTF-8"?>
<!-- Generated by org.testng.reporters.JUnitReportReporter -->
<testsuite hostname="DESKTOP-L5ILK17" failures="0" tests="1" name="com.application.testcases.TC10_OpenCart_SearchandAdd_Iphone" time="86.154" errors="0" timestamp="2021-04-27T15:02:16 IST" skipped="0">
  <testcase classname="com.application.testcases.TC10_OpenCart_SearchandAdd_Iphone" name="Login" time="86.154"/>
  <system-out/>
</testsuite> <!-- com.application.testcases.TC10_OpenCart_SearchandAdd_Iphone -->
