<?xml version="1.0" encoding="UTF-8"?>
<!-- Generated by org.testng.reporters.JUnitReportReporter -->
<testsuite hostname="DESKTOP-L5ILK17" failures="0" tests="1" name="com.application.testcases.TC11_Opencart_Remove_Prod_frmCart_Test" time="50.954" errors="0" timestamp="2021-04-26T19:32:14 IST" skipped="0">
  <testcase classname="com.application.testcases.TC11_Opencart_Remove_Prod_frmCart_Test" name="Login" time="50.954"/>
  <system-out/>
</testsuite> <!-- com.application.testcases.TC11_Opencart_Remove_Prod_frmCart_Test -->
