<?xml version="1.0" encoding="UTF-8"?>
<!-- Generated by org.testng.reporters.JUnitReportReporter -->
<testsuite hostname="DESKTOP-L5ILK17" failures="0" tests="1" name="com.application.testcases.TC02_VerifyUserNotAbleToCreateAccount_Test" time="55.062" errors="0" timestamp="2021-04-23T20:12:37 IST" skipped="0">
  <testcase classname="com.application.testcases.TC02_VerifyUserNotAbleToCreateAccount_Test" name="Registration_User" time="55.062"/>
  <system-out/>
</testsuite> <!-- com.application.testcases.TC02_VerifyUserNotAbleToCreateAccount_Test -->
